This mapping 'snapshot_20171003' was designed for MC 1.12! Use at your own peril.This mapping 'snapshot_20171003' was designed for MC 1.12! Use at your own peril.

:extractMcpMappings SKIPPED
:deobfCompileDeobfDepTask0 SKIPPED
:deobfCompileRemapDepSourcesTask1 SKIPPED
:deobfCompileDummyTask
:deobfProvidedDummyTask
:getVersionJson
:extractUserdev UP-TO-DATE
:extractDependencyATs SKIPPED
:extractMcpData SKIPPED
:genSrgs SKIPPED
:downloadClient SKIPPED
:downloadServer SKIPPED
:splitServerJar SKIPPED
:mergeJars SKIPPED
:deobfMcSRG SKIPPED
:decompileMc SKIPPED
:fixMcSources SKIPPED
:applySourcePatches SKIPPED
:remapMcSources SKIPPED
:recompileMc SKIPPED
:extractNatives SKIPPED
:getAssetIndex UP-TO-DATE
:getAssets
:makeStart
:setupDecompWorkspace
:eclipseClasspath
:eclipseJdt
:eclipseProject
:makeEclipseCleanRunClient
:makeEclipseCleanRunServer
:eclipse

BUILD SUCCESSFUL

Total time: 2 mins 52.304 secs
