[21:41:10] [main/INFO]: Setting user: Player50
[21:41:13] [main/WARN]: Skipping bad option: lastServer:
[21:41:13] [main/INFO]: LWJGL Version: 2.9.4
[21:41:15] [main/INFO]: Reloading ResourceManager: Default, FMLFileResourcePack:Forge Mod Loader, FMLFileResourcePack:Minecraft Forge, FMLFileResourcePack:Doctor who - Across the Galaxy, FMLFileResourcePack:Lucraft: Core
[21:41:18] [Sound Library Loader/INFO]: Starting up SoundSystem...
[21:41:19] [Thread-5/INFO]: Initializing LWJGL OpenAL
[21:41:19] [Thread-5/INFO]: (The LWJGL binding of OpenAL.  For more information, see http://www.lwjgl.org)
[21:41:19] [Thread-5/INFO]: OpenAL initialized.
[21:41:19] [Sound Library Loader/INFO]: Sound engine started
[21:41:22] [main/INFO]: Created: 1024x512 textures-atlas
[21:41:26] [main/WARN]: Skipping bad option: lastServer:
[21:41:26] [main/INFO]: Narrator library for x86 successfully loaded
[21:41:27] [Realms Notification Availability checker #1/INFO]: Could not authorize you against Realms server: Invalid session id
[21:41:30] [Server thread/INFO]: Starting integrated minecraft server version 1.12.2
[21:41:30] [Server thread/INFO]: Generating keypair
[21:41:32] [Server thread/INFO]: Loaded 488 advancements
[21:41:32] [Server thread/INFO]: Preparing start region for level 0
[21:41:33] [Server thread/INFO]: Preparing spawn area: 35%
[21:41:34] [Server thread/INFO]: Preparing spawn area: 94%
[21:41:34] [Server thread/INFO]: Changing view distance to 8, from 10
[21:41:36] [Server thread/INFO]: Player50[local:E:f2d1c061] logged in with entity id 271 at (206.07535418440347, 79.90148746353081, 98.48681116573772)
[21:41:36] [Server thread/INFO]: Player50 joined the game
[21:41:37] [Server thread/INFO]: Saving and pausing game...
[21:41:37] [Server thread/INFO]: Saving chunks for level 'New World'/overworld
[21:41:37] [Server thread/INFO]: Saving chunks for level 'New World'/the_nether
[21:41:37] [Server thread/INFO]: Saving chunks for level 'New World'/the_end
[21:41:37] [pool-2-thread-1/WARN]: Couldn't look up profile properties for com.mojang.authlib.GameProfile@66b7b3[id=5613b4a9-5b8c-3e0b-9915-baa04888ddd5,name=Player50,properties={},legacy=false]
com.mojang.authlib.exceptions.AuthenticationException: The client has sent too many requests within a certain amount of time
	at com.mojang.authlib.yggdrasil.YggdrasilAuthenticationService.makeRequest(YggdrasilAuthenticationService.java:79) ~[YggdrasilAuthenticationService.class:?]
	at com.mojang.authlib.yggdrasil.YggdrasilMinecraftSessionService.fillGameProfile(YggdrasilMinecraftSessionService.java:180) [YggdrasilMinecraftSessionService.class:?]
	at com.mojang.authlib.yggdrasil.YggdrasilMinecraftSessionService$1.load(YggdrasilMinecraftSessionService.java:60) [YggdrasilMinecraftSessionService$1.class:?]
	at com.mojang.authlib.yggdrasil.YggdrasilMinecraftSessionService$1.load(YggdrasilMinecraftSessionService.java:57) [YggdrasilMinecraftSessionService$1.class:?]
	at com.google.common.cache.LocalCache$LoadingValueReference.loadFuture(LocalCache.java:3716) [guava-21.0.jar:?]
	at com.google.common.cache.LocalCache$Segment.loadSync(LocalCache.java:2424) [guava-21.0.jar:?]
	at com.google.common.cache.LocalCache$Segment.lockedGetOrLoad(LocalCache.java:2298) [guava-21.0.jar:?]
	at com.google.common.cache.LocalCache$Segment.get(LocalCache.java:2211) [guava-21.0.jar:?]
	at com.google.common.cache.LocalCache.get(LocalCache.java:4154) [guava-21.0.jar:?]
	at com.google.common.cache.LocalCache.getOrLoad(LocalCache.java:4158) [guava-21.0.jar:?]
	at com.google.common.cache.LocalCache$LocalLoadingCache.get(LocalCache.java:5147) [guava-21.0.jar:?]
	at com.google.common.cache.LocalCache$LocalLoadingCache.getUnchecked(LocalCache.java:5153) [guava-21.0.jar:?]
	at com.mojang.authlib.yggdrasil.YggdrasilMinecraftSessionService.fillProfileProperties(YggdrasilMinecraftSessionService.java:170) [YggdrasilMinecraftSessionService.class:?]
	at net.minecraft.client.Minecraft.getProfileProperties(Minecraft.java:3188) [Minecraft.class:?]
	at net.minecraft.client.resources.SkinManager$3.run(SkinManager.java:138) [SkinManager$3.class:?]
	at java.util.concurrent.Executors$RunnableAdapter.call(Unknown Source) [?:1.8.0_151]
	at java.util.concurrent.FutureTask.run(Unknown Source) [?:1.8.0_151]
	at java.util.concurrent.ThreadPoolExecutor.runWorker(Unknown Source) [?:1.8.0_151]
	at java.util.concurrent.ThreadPoolExecutor$Worker.run(Unknown Source) [?:1.8.0_151]
	at java.lang.Thread.run(Unknown Source) [?:1.8.0_151]
[21:42:34] [main/INFO]: [CHAT] [Debug]: Reloaded resource packs
[21:42:34] [main/INFO]: Reloading ResourceManager: Default, FMLFileResourcePack:Forge Mod Loader, FMLFileResourcePack:Minecraft Forge, FMLFileResourcePack:Doctor who - Across the Galaxy, FMLFileResourcePack:Lucraft: Core
[21:42:34] [Server thread/INFO]: Loaded 488 advancements
[21:42:37] [main/INFO]: SoundSystem shutting down...
[21:42:37] [main/WARN]: Author: Paul Lamb, www.paulscode.com
[21:42:37] [Sound Library Loader/INFO]: Starting up SoundSystem...
[21:42:37] [Thread-12/INFO]: Initializing LWJGL OpenAL
[21:42:37] [Thread-12/INFO]: (The LWJGL binding of OpenAL.  For more information, see http://www.lwjgl.org)
[21:42:37] [Thread-12/INFO]: OpenAL initialized.
[21:42:37] [Sound Library Loader/INFO]: Sound engine started
[21:42:40] [main/INFO]: Created: 1024x512 textures-atlas
[21:43:18] [main/INFO]: [CHAT] [Debug]: Reloaded resource packs
[21:43:18] [main/INFO]: Reloading ResourceManager: Default, FMLFileResourcePack:Forge Mod Loader, FMLFileResourcePack:Minecraft Forge, FMLFileResourcePack:Doctor who - Across the Galaxy, FMLFileResourcePack:Lucraft: Core
[21:43:18] [Server thread/INFO]: Loaded 488 advancements
[21:43:20] [main/INFO]: SoundSystem shutting down...
[21:43:21] [main/WARN]: Author: Paul Lamb, www.paulscode.com
[21:43:21] [Sound Library Loader/INFO]: Starting up SoundSystem...
[21:43:21] [Thread-14/INFO]: Initializing LWJGL OpenAL
[21:43:21] [Thread-14/INFO]: (The LWJGL binding of OpenAL.  For more information, see http://www.lwjgl.org)
[21:43:21] [Thread-14/INFO]: OpenAL initialized.
[21:43:21] [Sound Library Loader/INFO]: Sound engine started
[21:43:24] [main/INFO]: Created: 1024x512 textures-atlas
[21:43:26] [Server thread/INFO]: Player50 has made the advancement [Stone Age]
[21:43:26] [main/INFO]: [CHAT] Player50 has made the advancement [Stone Age]
[21:43:26] [main/INFO]: Loaded 15 advancements
[21:48:57] [main/INFO]: [CHAT] [Debug]: Reloaded resource packs
[21:48:57] [main/INFO]: Reloading ResourceManager: Default, FMLFileResourcePack:Forge Mod Loader, FMLFileResourcePack:Minecraft Forge, FMLFileResourcePack:Doctor who - Across the Galaxy, FMLFileResourcePack:Lucraft: Core
[21:48:57] [Server thread/INFO]: Loaded 488 advancements
[21:48:59] [main/INFO]: SoundSystem shutting down...
[21:49:00] [main/WARN]: Author: Paul Lamb, www.paulscode.com
[21:49:00] [Sound Library Loader/INFO]: Starting up SoundSystem...
[21:49:00] [Thread-16/INFO]: Initializing LWJGL OpenAL
[21:49:00] [Thread-16/INFO]: (The LWJGL binding of OpenAL.  For more information, see http://www.lwjgl.org)
[21:49:00] [Thread-16/INFO]: OpenAL initialized.
[21:49:00] [Sound Library Loader/INFO]: Sound engine started
[21:49:03] [main/INFO]: Created: 1024x512 textures-atlas
[21:49:04] [main/INFO]: Loaded 15 advancements
[21:50:42] [main/INFO]: [CHAT] [Debug]: Reloaded resource packs
[21:50:42] [main/INFO]: Reloading ResourceManager: Default, FMLFileResourcePack:Forge Mod Loader, FMLFileResourcePack:Minecraft Forge, FMLFileResourcePack:Doctor who - Across the Galaxy, FMLFileResourcePack:Lucraft: Core
[21:50:42] [Server thread/INFO]: Loaded 488 advancements
[21:50:45] [main/INFO]: SoundSystem shutting down...
[21:50:45] [main/WARN]: Author: Paul Lamb, www.paulscode.com
[21:50:45] [Sound Library Loader/INFO]: Starting up SoundSystem...
[21:50:45] [Thread-18/INFO]: Initializing LWJGL OpenAL
[21:50:45] [Thread-18/INFO]: (The LWJGL binding of OpenAL.  For more information, see http://www.lwjgl.org)
[21:50:45] [Thread-18/INFO]: OpenAL initialized.
[21:50:45] [Sound Library Loader/INFO]: Sound engine started
[21:50:48] [main/INFO]: Created: 1024x512 textures-atlas
[21:50:49] [main/INFO]: Loaded 15 advancements
[21:53:38] [main/INFO]: [CHAT] [Debug]: Reloaded resource packs
[21:53:38] [main/INFO]: Reloading ResourceManager: Default, FMLFileResourcePack:Forge Mod Loader, FMLFileResourcePack:Minecraft Forge, FMLFileResourcePack:Doctor who - Across the Galaxy, FMLFileResourcePack:Lucraft: Core
[21:53:38] [Server thread/INFO]: Loaded 488 advancements
[21:53:40] [main/INFO]: SoundSystem shutting down...
[21:53:40] [main/WARN]: Author: Paul Lamb, www.paulscode.com
[21:53:40] [Sound Library Loader/INFO]: Starting up SoundSystem...
[21:53:41] [Thread-20/INFO]: Initializing LWJGL OpenAL
[21:53:41] [Thread-20/INFO]: (The LWJGL binding of OpenAL.  For more information, see http://www.lwjgl.org)
[21:53:41] [Thread-20/INFO]: OpenAL initialized.
[21:53:41] [Sound Library Loader/INFO]: Sound engine started
[21:53:44] [main/INFO]: Created: 1024x512 textures-atlas
[21:53:45] [main/INFO]: Loaded 15 advancements
[21:54:09] [main/INFO]: [CHAT] [Debug]: Reloaded resource packs
[21:54:09] [main/INFO]: Reloading ResourceManager: Default, FMLFileResourcePack:Forge Mod Loader, FMLFileResourcePack:Minecraft Forge, FMLFileResourcePack:Doctor who - Across the Galaxy, FMLFileResourcePack:Lucraft: Core
[21:54:09] [Server thread/INFO]: Loaded 488 advancements
[21:54:11] [main/INFO]: SoundSystem shutting down...
[21:54:11] [main/WARN]: Author: Paul Lamb, www.paulscode.com
[21:54:11] [Sound Library Loader/INFO]: Starting up SoundSystem...
[21:54:12] [Thread-22/INFO]: Initializing LWJGL OpenAL
[21:54:12] [Thread-22/INFO]: (The LWJGL binding of OpenAL.  For more information, see http://www.lwjgl.org)
[21:54:12] [Thread-22/INFO]: OpenAL initialized.
[21:54:12] [Sound Library Loader/INFO]: Sound engine started
[21:54:15] [main/INFO]: Created: 1024x512 textures-atlas
[21:54:15] [main/INFO]: Loaded 15 advancements
[21:54:31] [main/INFO]: [CHAT] [Debug]: Reloaded resource packs
[21:54:31] [main/INFO]: Reloading ResourceManager: Default, FMLFileResourcePack:Forge Mod Loader, FMLFileResourcePack:Minecraft Forge, FMLFileResourcePack:Doctor who - Across the Galaxy, FMLFileResourcePack:Lucraft: Core
[21:54:31] [Server thread/INFO]: Loaded 488 advancements
[21:54:33] [main/INFO]: SoundSystem shutting down...
[21:54:34] [main/WARN]: Author: Paul Lamb, www.paulscode.com
[21:54:34] [Sound Library Loader/INFO]: Starting up SoundSystem...
[21:54:34] [Thread-24/INFO]: Initializing LWJGL OpenAL
[21:54:34] [Thread-24/INFO]: (The LWJGL binding of OpenAL.  For more information, see http://www.lwjgl.org)
[21:54:34] [Thread-24/INFO]: OpenAL initialized.
[21:54:34] [Sound Library Loader/INFO]: Sound engine started
[21:54:37] [main/INFO]: Created: 1024x512 textures-atlas
[21:54:38] [main/INFO]: Loaded 15 advancements
[21:54:38] [Server thread/INFO]: Saving and pausing game...
[21:54:38] [Server thread/INFO]: Saving chunks for level 'New World'/overworld
[21:54:38] [Server thread/INFO]: Saving chunks for level 'New World'/the_nether
[21:54:38] [Server thread/INFO]: Saving chunks for level 'New World'/the_end
[21:54:48] [main/INFO]: [CHAT] [Debug]: Reloaded resource packs
[21:54:48] [main/INFO]: Reloading ResourceManager: Default, FMLFileResourcePack:Forge Mod Loader, FMLFileResourcePack:Minecraft Forge, FMLFileResourcePack:Doctor who - Across the Galaxy, FMLFileResourcePack:Lucraft: Core
[21:54:48] [Server thread/INFO]: Loaded 488 advancements
[21:54:51] [main/INFO]: SoundSystem shutting down...
[21:54:51] [main/WARN]: Author: Paul Lamb, www.paulscode.com
[21:54:51] [Sound Library Loader/INFO]: Starting up SoundSystem...
[21:54:51] [Thread-26/INFO]: Initializing LWJGL OpenAL
[21:54:51] [Thread-26/INFO]: (The LWJGL binding of OpenAL.  For more information, see http://www.lwjgl.org)
[21:54:51] [Thread-26/INFO]: OpenAL initialized.
[21:54:52] [Sound Library Loader/INFO]: Sound engine started
[21:54:55] [main/INFO]: Created: 1024x512 textures-atlas
[21:54:55] [main/INFO]: Loaded 15 advancements
[21:54:56] [Server thread/INFO]: Saving and pausing game...
[21:54:56] [Server thread/INFO]: Saving chunks for level 'New World'/overworld
[21:54:56] [Server thread/INFO]: Saving chunks for level 'New World'/the_nether
[21:54:56] [Server thread/INFO]: Saving chunks for level 'New World'/the_end
[21:55:41] [main/INFO]: [CHAT] Saved screenshot as 2018-02-22_21.55.41.png
[21:58:05] [main/INFO]: [CHAT] [Debug]: Reloaded resource packs
[21:58:05] [main/INFO]: Reloading ResourceManager: Default, FMLFileResourcePack:Forge Mod Loader, FMLFileResourcePack:Minecraft Forge, FMLFileResourcePack:Doctor who - Across the Galaxy, FMLFileResourcePack:Lucraft: Core
[21:58:05] [Server thread/INFO]: Loaded 488 advancements
[21:58:08] [main/INFO]: SoundSystem shutting down...
[21:58:08] [main/WARN]: Author: Paul Lamb, www.paulscode.com
[21:58:08] [Sound Library Loader/INFO]: Starting up SoundSystem...
[21:58:08] [Thread-28/INFO]: Initializing LWJGL OpenAL
[21:58:08] [Thread-28/INFO]: (The LWJGL binding of OpenAL.  For more information, see http://www.lwjgl.org)
[21:58:08] [Thread-28/INFO]: OpenAL initialized.
[21:58:09] [Sound Library Loader/INFO]: Sound engine started
[21:58:12] [main/INFO]: Created: 1024x512 textures-atlas
[21:58:13] [main/INFO]: Loaded 15 advancements
[21:58:13] [Server thread/INFO]: Saving and pausing game...
[21:58:13] [Server thread/INFO]: Saving chunks for level 'New World'/overworld
[21:58:13] [Server thread/INFO]: Saving chunks for level 'New World'/the_nether
[21:58:13] [Server thread/INFO]: Saving chunks for level 'New World'/the_end
[21:59:16] [main/INFO]: [CHAT] [Debug]: Reloaded resource packs
[21:59:16] [main/INFO]: Reloading ResourceManager: Default, FMLFileResourcePack:Forge Mod Loader, FMLFileResourcePack:Minecraft Forge, FMLFileResourcePack:Doctor who - Across the Galaxy, FMLFileResourcePack:Lucraft: Core
[21:59:17] [Server thread/INFO]: Loaded 488 advancements
[21:59:19] [main/INFO]: SoundSystem shutting down...
[21:59:19] [main/WARN]: Author: Paul Lamb, www.paulscode.com
[21:59:19] [Sound Library Loader/INFO]: Starting up SoundSystem...
[21:59:19] [Thread-30/INFO]: Initializing LWJGL OpenAL
[21:59:19] [Thread-30/INFO]: (The LWJGL binding of OpenAL.  For more information, see http://www.lwjgl.org)
[21:59:19] [Thread-30/INFO]: OpenAL initialized.
[21:59:20] [Sound Library Loader/INFO]: Sound engine started
[21:59:23] [main/INFO]: Created: 1024x512 textures-atlas
[21:59:24] [main/INFO]: Loaded 15 advancements
[21:59:24] [Server thread/INFO]: Saving and pausing game...
[21:59:24] [Server thread/INFO]: Saving chunks for level 'New World'/overworld
[21:59:24] [Server thread/INFO]: Saving chunks for level 'New World'/the_nether
[21:59:24] [Server thread/INFO]: Saving chunks for level 'New World'/the_end
[22:00:09] [Server thread/INFO]: Saving and pausing game...
[22:00:09] [Server thread/INFO]: Saving chunks for level 'New World'/overworld
[22:00:09] [Server thread/INFO]: Saving chunks for level 'New World'/the_nether
[22:00:09] [Server thread/INFO]: Saving chunks for level 'New World'/the_end
[22:00:10] [Server thread/INFO]: Stopping server
[22:00:10] [Server thread/INFO]: Saving players
[22:00:10] [Server thread/INFO]: Player50 lost connection: Disconnected
[22:00:10] [Server thread/INFO]: Player50 left the game
[22:00:10] [Server thread/INFO]: Stopping singleplayer server as player logged out
[22:00:10] [Server thread/INFO]: Saving worlds
[22:00:10] [Server thread/INFO]: Saving chunks for level 'New World'/overworld
[22:00:10] [Server thread/INFO]: Saving chunks for level 'New World'/the_nether
[22:00:10] [Server thread/INFO]: Saving chunks for level 'New World'/the_end
[22:00:11] [main/INFO]: Stopping!
[22:00:11] [main/INFO]: SoundSystem shutting down...
[22:00:11] [main/WARN]: Author: Paul Lamb, www.paulscode.com
